<?xml version="1.0" encoding="UTF-8"?>
<testng-results skipped="0" failed="0" ignored="0" total="2" passed="2">
  <reporter-output>
  </reporter-output>
  <suite name="Default suite" duration-ms="77" started-at="2020-07-22T01:24:17 IST" finished-at="2020-07-22T01:24:17 IST">
    <groups>
    </groups>
    <test name="Default test" duration-ms="77" started-at="2020-07-22T01:24:17 IST" finished-at="2020-07-22T01:24:17 IST">
      <class name="MavenProject.MavenJavaPro.Selenium">
        <test-method status="PASS" signature="browserAuto()[pri:0, instance:MavenProject.MavenJavaPro.Selenium@78e67e0a]" name="browserAuto" duration-ms="12" started-at="2020-07-22T01:24:17 IST" finished-at="2020-07-22T01:24:17 IST">
          <reporter-output>
          </reporter-output>
        </test-method> <!-- browserAuto -->
        <test-method status="PASS" signature="browserUI()[pri:0, instance:MavenProject.MavenJavaPro.Selenium@78e67e0a]" name="browserUI" duration-ms="2" started-at="2020-07-22T01:24:17 IST" finished-at="2020-07-22T01:24:17 IST">
          <reporter-output>
          </reporter-output>
        </test-method> <!-- browserUI -->
      </class> <!-- MavenProject.MavenJavaPro.Selenium -->
    </test> <!-- Default test -->
  </suite> <!-- Default suite -->
</testng-results>
